<?xml version="1.0" encoding="UTF-8"?>
<testsuite name="CalculatorTest" tests="1" skipped="0" failures="0" errors="0" timestamp="2020-03-16T11:26:10" hostname="sonalibankars-MacBook-Pro.local" time="0.003">
  <properties/>
  <testcase name="multiplicationTest" classname="CalculatorTest" time="0.003"/>
  <system-out><![CDATA[30
]]></system-out>
  <system-err><![CDATA[]]></system-err>
</testsuite>
